<?xml version="1.0" encoding="UTF-8"?>
<!-- Generated by org.testng.reporters.JUnitReportReporter -->
<testsuite hostname="Aman-PC" failures="0" tests="1" name="smokeTest.HRMloginexe" time="24.982" errors="0" timestamp="2021-08-23T12:32:25 IST" skipped="0">
  <testcase classname="smokeTest.HRMloginexe" name="HRM" time="24.982"/>
  <system-out/>
</testsuite> <!-- smokeTest.HRMloginexe -->
