<?xml version="1.0" encoding="UTF-8"?>
<!-- Generated by org.testng.reporters.JUnitReportReporter -->
<testsuite hostname="Aman-PC" failures="0" tests="1" name="smokeTest.AmazonTest" time="21.980" errors="0" timestamp="2021-09-26T17:47:33 IST" skipped="0">
  <testcase classname="smokeTest.AmazonTest" name="Amazon" time="21.980"/>
  <system-out/>
</testsuite> <!-- smokeTest.AmazonTest -->
