<?xml version="1.0" encoding="UTF-8"?>
<!-- Generated by org.testng.reporters.JUnitReportReporter -->
<testsuite hostname="Aman-PC" failures="0" tests="1" name="smokeTest.GoogleTest" time="5.124" errors="0" timestamp="2021-08-23T12:16:51 IST" skipped="0">
  <testcase classname="smokeTest.GoogleTest" name="Google" time="5.124"/>
  <system-out/>
</testsuite> <!-- smokeTest.GoogleTest -->
